â•â•â•â•â•â•â•â•â•â•â•â•â•â•â•â•â•â•â•â•â•â•â•â•â•â•â•â•â•â•â•â•â•â•â•â•â•â•â•â•â•â•â•â•â•â•â•â•â•â•â•â•â•â•â•â•â•â•â•â•â•â•â•
Step 1: All Unit & Integration Tests
â•â•â•â•â•â•â•â•â•â•â•â•â•â•â•â•â•â•â•â•â•â•â•â•â•â•â•â•â•â•â•â•â•â•â•â•â•â•â•â•â•â•â•â•â•â•â•â•â•â•â•â•â•â•â•â•â•â•â•â•â•â•â•
   Compiling kameo_remote v0.1.0 (/Users/greg/Dev/git/kameo_remote)
warning: unused import: `kameo_remote::*`
 --> tests/body_allocation_baseline.rs:8:5
  |
8 | use kameo_remote::*;
  |     ^^^^^^^^^^^^^^^
  |
  = note: `#[warn(unused_imports)]` (part of `#[warn(unused)]`) on by default

warning: field `deallocations` is never read
  --> tests/body_allocation_baseline.rs:47:5
   |
45 | struct AllocationMetrics {
   |        ----------------- field in this struct
46 |     allocations: usize,
47 |     deallocations: usize,
   |     ^^^^^^^^^^^^^
   |
   = note: `#[warn(dead_code)]` (part of `#[warn(unused)]`) on by default

warning: `kameo_remote` (test "body_allocation_baseline") generated 2 warnings (run `cargo fix --test "body_allocation_baseline"` to apply 1 suggestion)
warning: unused variable: `type_hash`
  --> examples/console_tell_ask_server.rs:65:9
   |
65 |         type_hash: u32,
   |         ^^^^^^^^^ help: if this is intentional, prefix it with an underscore: `_type_hash`
   |
   = note: `#[warn(unused_variables)]` (part of `#[warn(unused)]`) on by default

warning: field `deallocations` is never read
  --> tests/bytemuck_allocation_tests.rs:63:5
   |
61 | struct AllocationMetrics {
   |        ----------------- field in this struct
62 |     allocations: usize,
63 |     deallocations: usize,
   |     ^^^^^^^^^^^^^
   |
   = note: `#[warn(dead_code)]` (part of `#[warn(unused)]`) on by default

warning: `kameo_remote` (test "bytemuck_allocation_tests") generated 1 warning
warning: `kameo_remote` (example "console_tell_ask_server") generated 1 warning
    Finished `test` profile [unoptimized + debuginfo] target(s) in 8.00s
     Running unittests src/lib.rs (target/debug/deps/kameo_remote-90626d82ae5fca82)

running 152 tests
test config::tests::test_config_clone ... ok
test config::tests::test_peer_retry_constant ... ok
test config::tests::test_custom_config ... ok
test config::tests::test_default_config ... ok
test connection_pool::tests::test_buffer_config_default ... ok
test connection_pool::tests::test_connection_handle_debug ... ok
test connection_pool::tests::test_buffer_config_minimum_size ... ok
test connection_pool::tests::test_buffer_config_validation ... ok

thread 'framing::tests::codec_trap_length_prefix_stripped_requires_more_padding' (153816846) panicked at src/framing.rs:96:9:
assertion `left == right` failed
  left: 12
 right: 4
note: run with `RUST_BACKTRACE=1` environment variable to display a backtrace
test config::tests::test_config_debug ... ok
test connection_pool::tests::test_control_reserved_slots_bounds ... ok
test connection_pool::tests::test_should_flush_rules ... ok
test connection_pool::tests::test_streaming_threshold_calculation ... ok
test connection_pool::tests::test_streaming_threshold_saturation ... ok
test framing::tests::actor_payload_offset_aligned ... ok
test framing::tests::ask_response_payload_offset_aligned ... ok
test framing::tests::gossip_payload_is_16_byte_aligned ... ok
test framing::tests::write_ask_response_header_sets_length_and_pad ... ok
test framing::tests::write_gossip_frame_prefix_sets_padding ... ok
test framing::tests::header_lengths_hold_for_varied_payload_sizes ... ok
ğŸ« [PERMIT] #0 acquiring control permit (available: 32/256)
test handle::framing_tests::alignment_check_works_correctly ... ok
test handle_builder::tests::test_builder_pattern ... ignored, gossip propagation timing variance in CI
test framing::tests::codec_trap_length_prefix_stripped_requires_more_padding ... FAILED
test handle::framing_tests::actor_tell_parses_with_reordered_header ... ok
test handle::framing_tests::response_parses_with_padded_header ... ok
test handle::framing_tests::decode_registry_message_handles_both_aligned_and_unaligned ... ok
test handshake::tests::test_feature_serialization ... ok
test handle::framing_tests::gossip_registry_payload_deserializes_from_aligned_buffer ... ok
test handle::framing_tests::ask_raw_parses_with_padded_header ... ok
test handshake::tests::test_hello_new ... ok
test handshake::tests::test_hello_serialization ... ok
test handshake::tests::test_peer_capabilities_from_hello_exchange_both_v2 ... ok
test handshake::tests::test_hello_handshake_negotiation ... ok
test handshake::tests::test_peer_capabilities_from_hello_exchange_partial_features ... ok
test handshake::tests::test_peer_capabilities_supports_feature ... ok
test peer_discovery::tests::test_bogon_filtering_link_local ... ok
test peer_discovery::tests::test_bogon_filtering_loopback ... ok
test peer_discovery::tests::test_connection_clears_failure_state ... ok
test peer_discovery::tests::test_cleanup_expired_uses_unified_state ... ok
test peer_discovery::tests::test_cleanup_expired_entries ... ok
test peer_discovery::tests::test_clear_pending ... ok
test peer_discovery::tests::test_exponential_backoff ... ok
test peer_discovery::tests::test_filter_connected_peers ... ok
test peer_discovery::tests::test_ipv6_link_local_blocked_by_default ... ok
test peer_discovery::tests::test_filter_self ... ok
test peer_discovery::tests::test_ipv6_loopback_blocked_by_default ... ok
test peer_discovery::tests::test_ipv6_unique_local_respects_private_flag ... ok
test peer_discovery::tests::test_max_failures_removal ... ok
test peer_discovery::tests::test_on_peer_list_gossip_respects_pending_peers ... ok
test peer_discovery::tests::test_on_peer_list_gossip_skips_already_pending ... ok
test peer_discovery::tests::test_peer_connection_lifecycle ... ok
test peer_discovery::tests::test_peer_failure_transitions_atomic ... ok
test peer_discovery::tests::test_peer_state_transitions_atomic ... ok
test peer_discovery::tests::test_private_allowed_default ... ok
test connection_pool::tests::test_connection_pool_new ... ok
test peer_discovery::tests::test_should_retry_backoff ... ok
test peer_discovery::tests::test_soft_cap_limiting ... ok
test peer_discovery::tests::test_unspecified_and_broadcast_blocked ... ok
test peer_discovery::tests::test_unified_and_legacy_counts_match ... ok
test priority::tests::test_consistency_level_clone ... ok
test priority::tests::test_consistency_level_debug ... ok
test priority::tests::test_consistency_level_default ... ok
test priority::tests::test_consistency_level_equality ... ok
test priority::tests::test_consistency_level_serialization ... ok
test priority::tests::test_registration_priority_clone ... ok
test priority::tests::test_registration_priority_debug ... ok
test priority::tests::test_registration_priority_default ... ok
test connection_pool::tests::test_set_registry ... ok
test priority::tests::test_registration_priority_fanout_multiplier ... ok
test priority::tests::test_registration_priority_immediate_retry_count ... ok
test priority::tests::test_registration_priority_is_critical ... ok
test priority::tests::test_registration_priority_ordering ... ok
test priority::tests::test_registration_priority_serialization ... ok
test priority::tests::test_registration_priority_should_trigger_immediate_gossip ... ok
test registry::tests::test_add_peer ... ok
test registry::tests::test_gossip_result ... ok
test registry::tests::test_gossip_task ... ok
test registry::tests::test_historical_delta ... ok
test registry::tests::test_get_change_actor_name ... ok
test registry::tests::test_apply_delta ... ok
test registry::tests::test_deduplicate_changes ... ok
test registry::tests::test_apply_delta_skip_local ... ok
test registry::tests::test_check_peer_consensus ... ok
test registry::tests::test_peer_health_status ... ok
test registry::tests::test_cleanup_stale_actors ... ok
test registry::tests::test_handle_peer_connection_failure ... ok
test registry::tests::test_peer_info ... ok
test registry::tests::test_peer_info_gossip_conversion ... ok
test registry::tests::test_cleanup_dead_peers ... ok
test registry::tests::test_mesh_formation_metric_records_when_threshold_met ... ok
test registry::tests::test_peer_info_gossip_serialization ... ok
test registry::tests::test_peer_info_local_factory ... ok
test registry::tests::test_get_stats ... ok
test registry::tests::test_peer_list_gossip_serialization ... ok
test registry::tests::test_lookup_actor_ttl ... ok
test registry::tests::test_pending_failure ... ok
test registry::tests::test_lookup_actor ... ok
test registry::tests::test_on_peer_list_gossip_ingests_known_peers_and_candidates ... ok
test registry::tests::test_peer_list_gossip_tasks_created ... ok
test registry::tests::test_prepare_gossip_round_no_peers ... ok
test registry::tests::test_merge_full_sync ... ok
test registry::tests::test_registry_stats ... ok
test registry::tests::test_registry_change_serialization ... ok
test registry::tests::test_resolve_peer_addr_backwards_compat_none ... ok
test registry::tests::test_resolve_peer_addr_ipv6_loopback_from_remote ... ok
test registry::tests::test_resolve_peer_addr_loopback_from_loopback ... ok
test registry::tests::test_resolve_peer_addr_loopback_from_remote ... ok
test registry::tests::test_resolve_peer_addr_with_invalid_string ... ok
test registry::tests::test_resolve_peer_addr_with_ipv6_unspecified ... ok
test registry::tests::test_register_actor ... ok
test registry::tests::test_registry_delta_serialization ... ok
test registry::tests::test_resolve_peer_addr_with_none ... ok
test registry::tests::test_resolve_peer_addr_with_unspecified_ip ... ok
test registry::tests::test_registry_message_variants ... ok
test registry::tests::test_resolve_peer_addr_with_valid_bind_addr ... ok
test registry::tests::test_prepare_gossip_round_with_peers ... ok
test registry::tests::test_register_actor_duplicate ... ok
test registry::tests::test_registry_creation ... ok
test registry::tests::test_register_actor_with_priority ... ok
test registry::tests::test_should_use_delta_state ... ok
test remote_actor_location::tests::test_actor_location_clone ... ok
test remote_actor_location::tests::test_actor_location_new ... ok
test remote_actor_location::tests::test_actor_location_debug ... ok
test remote_actor_location::tests::test_actor_location_new_with_priority ... ok
test remote_actor_location::tests::test_actor_location_equality ... ok
test tests::test_current_timestamp ... ok
test tests::test_error_conversions ... ok
test remote_actor_location::tests::test_actor_location_new_with_wall_time ... ok
test tests::test_gossip_error_display ... ok
test tests::test_result_type ... ok
test remote_actor_location::tests::test_actor_location_new_with_wall_time_and_priority ... ok
test registry::tests::test_shutdown ... ok
test registry::tests::test_trigger_immediate_gossip ... ok
test registry::tests::test_unregister_actor ... ok
test remote_actor_location::tests::test_actor_location_serialization ... ok
test remote_actor_location::tests::test_actor_location_with_metadata ... ok
test tls::name::tests::test_decode_invalid ... ok
test tls::name::tests::test_decode_without_suffix ... ok
test tls::name::tests::test_dns_name_valid ... ok
test tls::name::tests::test_encode_decode_roundtrip ... ok
test typed::tests::pooled_payload_buf_semantics ... ok
test typed::tests::typed_payload_parts_includes_hash_in_debug ... ok
test tls::verifier::tests::test_extract_node_id_placeholder ... ok
test tls::resolver::tests::test_resolver_creation ... ok
test typed::tests::pool_reuse_and_cap_behavior ... ok
test tls::tests::test_tls_config_creation ... ok
test tls::tests::test_alpn_selection_v2_only ... ok
test connection_pool::tests::test_connection_handle_send_data ... ok
test connection_pool::tests::test_connection_handle_send_data_closed ... ok
test connection_pool::tests::test_permit_lanes_allow_control_when_ask_exhausted ... ok
test connection_pool::tests::test_task_tracker_replaces_old_handle ... ok
test connection_pool::tests::test_task_tracker_aborts_on_drop ... ok
test registry::tests::test_enforce_bounds ... ok

failures:

failures:
    framing::tests::codec_trap_length_prefix_stripped_requires_more_padding

test result: FAILED. 150 passed; 1 failed; 1 ignored; 0 measured; 0 filtered out; finished in 0.24s

error: test failed, to rerun pass `--lib`
âœ… All tests passed

â•â•â•â•â•â•â•â•â•â•â•â•â•â•â•â•â•â•â•â•â•â•â•â•â•â•â•â•â•â•â•â•â•â•â•â•â•â•â•â•â•â•â•â•â•â•â•â•â•â•â•â•â•â•â•â•â•â•â•â•â•â•â•
Step 1b: rkyv::from_bytes Guard
â•â•â•â•â•â•â•â•â•â•â•â•â•â•â•â•â•â•â•â•â•â•â•â•â•â•â•â•â•â•â•â•â•â•â•â•â•â•â•â•â•â•â•â•â•â•â•â•â•â•â•â•â•â•â•â•â•â•â•â•â•â•â•
OK: no rkyv::from_bytes usage found in src/
âœ… No forbidden rkyv::from_bytes usage

â•â•â•â•â•â•â•â•â•â•â•â•â•â•â•â•â•â•â•â•â•â•â•â•â•â•â•â•â•â•â•â•â•â•â•â•â•â•â•â•â•â•â•â•â•â•â•â•â•â•â•â•â•â•â•â•â•â•â•â•â•â•â•
Step 2: Allocation Tests
â•â•â•â•â•â•â•â•â•â•â•â•â•â•â•â•â•â•â•â•â•â•â•â•â•â•â•â•â•â•â•â•â•â•â•â•â•â•â•â•â•â•â•â•â•â•â•â•â•â•â•â•â•â•â•â•â•â•â•â•â•â•â•
warning: field `deallocations` is never read
  --> tests/bytemuck_allocation_tests.rs:63:5
   |
61 | struct AllocationMetrics {
   |        ----------------- field in this struct
62 |     allocations: usize,
63 |     deallocations: usize,
   |     ^^^^^^^^^^^^^
   |
   = note: `#[warn(dead_code)]` (part of `#[warn(unused)]`) on by default

warning: `kameo_remote` (test "bytemuck_allocation_tests") generated 1 warning
    Finished `test` profile [unoptimized + debuginfo] target(s) in 0.05s
     Running tests/bytemuck_allocation_tests.rs (target/debug/deps/bytemuck_allocation_tests-a7b60943283e9d5f)

running 10 tests

=== BASELINE: StreamHeader Full Roundtrip ===
Allocations: 1083 (7684 bytes) | Time: 223.958Âµs
  Result: 1083 allocations per 1000 roundtrips
  Total bytes allocated: 7684

=== BASELINE: Hash Extraction (copy_from_slice) ===
test baseline_full_streamheader_roundtrip_allocations ... ok
Allocations: 5 (455 bytes) | Time: 209.125Âµs

thread 'baseline_hash_extraction_allocations' (153817054) panicked at tests/bytemuck_allocation_tests.rs:183:5:
assertion `left == right` failed: Expected 0 heap allocations
  left: 5
 right: 0
note: run with `RUST_BACKTRACE=1` environment variable to display a backtrace

thread 'baseline_hash_extraction_performance' (153817055) panicked at tests/bytemuck_allocation_tests.rs:52:22:
allocation test lock poisoned: PoisonError { .. }
test baseline_hash_extraction_allocations ... FAILED

thread 'baseline_header_assembly_allocations' (153817056) panicked at tests/bytemuck_allocation_tests.rs:52:22:
allocation test lock poisoned: PoisonError { .. }
test baseline_hash_extraction_performance ... FAILED

thread 'baseline_key_conversion_allocations' (153817057) panicked at tests/bytemuck_allocation_tests.rs:52:22:
allocation test lock poisoned: PoisonError { .. }
test baseline_header_assembly_allocations ... FAILED

thread 'baseline_node_id_conversion_allocations' (153817058) panicked at tests/bytemuck_allocation_tests.rs:52:22:
allocation test lock poisoned: PoisonError { .. }
test baseline_key_conversion_allocations ... FAILED

thread 'baseline_streamheader_from_bytes_allocations' (153817059) panicked at tests/bytemuck_allocation_tests.rs:52:22:
allocation test lock poisoned: PoisonError { .. }
test baseline_node_id_conversion_allocations ... FAILED

thread 'baseline_streamheader_to_bytes_allocations' (153817060) panicked at tests/bytemuck_allocation_tests.rs:52:22:
allocation test lock poisoned: PoisonError { .. }
test baseline_streamheader_from_bytes_allocations ... FAILED

thread 'baseline_streamheader_various_sizes_allocations' (153817061) panicked at tests/bytemuck_allocation_tests.rs:52:22:
allocation test lock poisoned: PoisonError { .. }
test baseline_streamheader_to_bytes_allocations ... FAILED

thread 'baseline_summary_all_tests' (153817062) panicked at tests/bytemuck_allocation_tests.rs:52:22:
allocation test lock poisoned: PoisonError { .. }
test baseline_streamheader_various_sizes_allocations ... FAILED
test baseline_summary_all_tests ... FAILED

failures:

failures:
    baseline_hash_extraction_allocations
    baseline_hash_extraction_performance
    baseline_header_assembly_allocations
    baseline_key_conversion_allocations
    baseline_node_id_conversion_allocations
    baseline_streamheader_from_bytes_allocations
    baseline_streamheader_to_bytes_allocations
    baseline_streamheader_various_sizes_allocations
    baseline_summary_all_tests

test result: FAILED. 1 passed; 9 failed; 0 ignored; 0 measured; 0 filtered out; finished in 0.00s

error: test failed, to rerun pass `--test bytemuck_allocation_tests`
âœ… Allocation tests passed

â•â•â•â•â•â•â•â•â•â•â•â•â•â•â•â•â•â•â•â•â•â•â•â•â•â•â•â•â•â•â•â•â•â•â•â•â•â•â•â•â•â•â•â•â•â•â•â•â•â•â•â•â•â•â•â•â•â•â•â•â•â•â•
Step 3: Optimized Tests
â•â•â•â•â•â•â•â•â•â•â•â•â•â•â•â•â•â•â•â•â•â•â•â•â•â•â•â•â•â•â•â•â•â•â•â•â•â•â•â•â•â•â•â•â•â•â•â•â•â•â•â•â•â•â•â•â•â•â•â•â•â•â•
    Finished `test` profile [unoptimized + debuginfo] target(s) in 0.04s
     Running tests/bytemuck_optimized_tests.rs (target/debug/deps/bytemuck_optimized_tests-f95e3e7fa83e3d3d)

running 7 tests
test optimized_alignment_preserved ... ignored, Run with: cargo test optimized -- --ignored
test optimized_streamheader_as_bytes_zero_copy ... ignored, Run with: cargo test optimized -- --ignored
test optimized_streamheader_backward_compat ... ignored, Run with: cargo test optimized -- --ignored
test optimized_streamheader_from_bytes_zero_copy ... ignored, Run with: cargo test optimized -- --ignored
test optimized_streamheader_protocol_alignment ... ignored, Run with: cargo test optimized -- --ignored
test optimized_streamheader_to_bytes_be_big_endian ... ignored, Run with: cargo test optimized -- --ignored
test optimized_summary ... ignored, Run with: cargo test optimized -- --ignored

test result: ok. 0 passed; 0 failed; 7 ignored; 0 measured; 0 filtered out; finished in 0.00s

âœ… Optimized tests passed

â•â•â•â•â•â•â•â•â•â•â•â•â•â•â•â•â•â•â•â•â•â•â•â•â•â•â•â•â•â•â•â•â•â•â•â•â•â•â•â•â•â•â•â•â•â•â•â•â•â•â•â•â•â•â•â•â•â•â•â•â•â•â•
Step 4: Alignment Tests
â•â•â•â•â•â•â•â•â•â•â•â•â•â•â•â•â•â•â•â•â•â•â•â•â•â•â•â•â•â•â•â•â•â•â•â•â•â•â•â•â•â•â•â•â•â•â•â•â•â•â•â•â•â•â•â•â•â•â•â•â•â•â•
warning: field `deallocations` is never read
  --> tests/bytemuck_allocation_tests.rs:63:5
   |
61 | struct AllocationMetrics {
   |        ----------------- field in this struct
62 |     allocations: usize,
63 |     deallocations: usize,
   |     ^^^^^^^^^^^^^
   |
   = note: `#[warn(dead_code)]` (part of `#[warn(unused)]`) on by default

warning: `kameo_remote` (test "bytemuck_allocation_tests") generated 1 warning
warning: unused import: `kameo_remote::*`
 --> tests/body_allocation_baseline.rs:8:5
  |
8 | use kameo_remote::*;
  |     ^^^^^^^^^^^^^^^
  |
  = note: `#[warn(unused_imports)]` (part of `#[warn(unused)]`) on by default

warning: field `deallocations` is never read
  --> tests/body_allocation_baseline.rs:47:5
   |
45 | struct AllocationMetrics {
   |        ----------------- field in this struct
46 |     allocations: usize,
47 |     deallocations: usize,
   |     ^^^^^^^^^^^^^
   |
   = note: `#[warn(dead_code)]` (part of `#[warn(unused)]`) on by default

warning: `kameo_remote` (test "body_allocation_baseline") generated 2 warnings (run `cargo fix --test "body_allocation_baseline"` to apply 1 suggestion)
    Finished `test` profile [unoptimized + debuginfo] target(s) in 0.05s
     Running unittests src/lib.rs (target/debug/deps/kameo_remote-90626d82ae5fca82)

running 1 test
test handle::framing_tests::alignment_check_works_correctly ... ok

test result: ok. 1 passed; 0 failed; 0 ignored; 0 measured; 151 filtered out; finished in 0.00s

     Running tests/ask_reply_end_to_end.rs (target/debug/deps/ask_reply_end_to_end-e8a76ebb023c8aaa)

running 0 tests

test result: ok. 0 passed; 0 failed; 0 ignored; 0 measured; 2 filtered out; finished in 0.00s

     Running tests/ask_reply_simple.rs (target/debug/deps/ask_reply_simple-99982d509528d15c)

running 0 tests

test result: ok. 0 passed; 0 failed; 0 ignored; 0 measured; 2 filtered out; finished in 0.00s

     Running tests/ask_with_lookup_demo.rs (target/debug/deps/ask_with_lookup_demo-dcb2b1f4c65a401e)

running 0 tests

test result: ok. 0 passed; 0 failed; 0 ignored; 0 measured; 2 filtered out; finished in 0.00s

     Running tests/batch_ask_performance.rs (target/debug/deps/batch_ask_performance-c92f09ae9901fdef)

running 0 tests

test result: ok. 0 passed; 0 failed; 0 ignored; 0 measured; 2 filtered out; finished in 0.00s

     Running tests/batch_ask_simple.rs (target/debug/deps/batch_ask_simple-d2d6b322f975906a)

running 0 tests

test result: ok. 0 passed; 0 failed; 0 ignored; 0 measured; 2 filtered out; finished in 0.00s

     Running tests/body_allocation_baseline.rs (target/debug/deps/body_allocation_baseline-5351baead5d5099c)

running 0 tests

test result: ok. 0 passed; 0 failed; 0 ignored; 0 measured; 3 filtered out; finished in 0.00s

     Running tests/bytemuck_allocation_tests.rs (target/debug/deps/bytemuck_allocation_tests-a7b60943283e9d5f)

running 0 tests

test result: ok. 0 passed; 0 failed; 0 ignored; 0 measured; 10 filtered out; finished in 0.00s

     Running tests/bytemuck_optimized_tests.rs (target/debug/deps/bytemuck_optimized_tests-f95e3e7fa83e3d3d)

running 2 tests
test optimized_alignment_preserved ... ignored, Run with: cargo test optimized -- --ignored
test optimized_streamheader_protocol_alignment ... ignored, Run with: cargo test optimized -- --ignored

test result: ok. 0 passed; 0 failed; 2 ignored; 0 measured; 5 filtered out; finished in 0.00s

     Running tests/connection_lifecycle_test.rs (target/debug/deps/connection_lifecycle_test-dbf459fbbb1b6ef4)

running 0 tests

test result: ok. 0 passed; 0 failed; 0 ignored; 0 measured; 3 filtered out; finished in 0.00s

     Running tests/crypto_security_tests.rs (target/debug/deps/crypto_security_tests-552856f2d0fe122d)

running 0 tests

test result: ok. 0 passed; 0 failed; 0 ignored; 0 measured; 6 filtered out; finished in 0.00s

     Running tests/flow_control.rs (target/debug/deps/flow_control-9802ade22c31872e)

running 0 tests

test result: ok. 0 passed; 0 failed; 0 ignored; 0 measured; 1 filtered out; finished in 0.00s

     Running tests/gossip_backoff_e2e.rs (target/debug/deps/gossip_backoff_e2e-3ee9622db5d7f1fe)

running 0 tests

test result: ok. 0 passed; 0 failed; 0 ignored; 0 measured; 1 filtered out; finished in 0.00s

     Running tests/gossip_conflict_e2e.rs (target/debug/deps/gossip_conflict_e2e-00be2dd6dd13dfd1)

running 0 tests

test result: ok. 0 passed; 0 failed; 0 ignored; 0 measured; 1 filtered out; finished in 0.00s

     Running tests/gossip_e2e_tests.rs (target/debug/deps/gossip_e2e_tests-328cec502f97ec5e)

running 0 tests

test result: ok. 0 passed; 0 failed; 0 ignored; 0 measured; 3 filtered out; finished in 0.00s

     Running tests/gossip_matrix_e2e.rs (target/debug/deps/gossip_matrix_e2e-d09c94b6daf22713)

running 0 tests

test result: ok. 0 passed; 0 failed; 0 ignored; 0 measured; 1 filtered out; finished in 0.00s

     Running tests/gossip_partition_e2e.rs (target/debug/deps/gossip_partition_e2e-569443b4e7a90a25)

running 0 tests

test result: ok. 0 passed; 0 failed; 0 ignored; 0 measured; 1 filtered out; finished in 0.00s

     Running tests/gossip_removal_e2e.rs (target/debug/deps/gossip_removal_e2e-9949a0923b1867a4)

running 0 tests

test result: ok. 0 passed; 0 failed; 0 ignored; 0 measured; 1 filtered out; finished in 0.00s

     Running tests/node_name_test.rs (target/debug/deps/node_name_test-e60fab8c78b45a8b)

running 0 tests

test result: ok. 0 passed; 0 failed; 0 ignored; 0 measured; 1 filtered out; finished in 0.00s

     Running tests/peer_discovery_symmetry.rs (target/debug/deps/peer_discovery_symmetry-f53eca48373f4ab8)

running 0 tests

test result: ok. 0 passed; 0 failed; 0 ignored; 0 measured; 2 filtered out; finished in 0.00s

     Running tests/peer_discovery_tests.rs (target/debug/deps/peer_discovery_tests-15180ac1060bb355)

running 0 tests

test result: ok. 0 passed; 0 failed; 0 ignored; 0 measured; 17 filtered out; finished in 0.00s

     Running tests/peer_discovery_toctou_test.rs (target/debug/deps/peer_discovery_toctou_test-3fe85afa0ba7bd1b)

running 0 tests

test result: ok. 0 passed; 0 failed; 0 ignored; 0 measured; 3 filtered out; finished in 0.00s

     Running tests/pooled_send_bench.rs (target/debug/deps/pooled_send_bench-90d91d9c5aac9ab4)

running 0 tests

test result: ok. 0 passed; 0 failed; 0 ignored; 0 measured; 1 filtered out; finished in 0.00s

     Running tests/pooled_typed_send.rs (target/debug/deps/pooled_typed_send-fa85894b23b2fa43)

running 0 tests

test result: ok. 0 passed; 0 failed; 0 ignored; 0 measured; 2 filtered out; finished in 0.00s

     Running tests/register_actor_sync_multiple_peers.rs (target/debug/deps/register_actor_sync_multiple_peers-1d40b1c9e5cb4bea)

running 0 tests

test result: ok. 0 passed; 0 failed; 0 ignored; 0 measured; 4 filtered out; finished in 0.00s

     Running tests/register_actor_sync_real_peers.rs (target/debug/deps/register_actor_sync_real_peers-d5ca4ddbe3ccd0ff)

running 0 tests

test result: ok. 0 passed; 0 failed; 0 ignored; 0 measured; 4 filtered out; finished in 0.00s

     Running tests/register_actor_sync_simple.rs (target/debug/deps/register_actor_sync_simple-3f9f48b29931d471)

running 0 tests

test result: ok. 0 passed; 0 failed; 0 ignored; 0 measured; 6 filtered out; finished in 0.00s

     Running tests/tell_message_api_demo.rs (target/debug/deps/tell_message_api_demo-f5acef0a9cdc0f5f)

running 0 tests

test result: ok. 0 passed; 0 failed; 0 ignored; 0 measured; 2 filtered out; finished in 0.00s

     Running tests/tell_with_lookup_demo.rs (target/debug/deps/tell_with_lookup_demo-856de8e411c38fa3)

running 0 tests

test result: ok. 0 passed; 0 failed; 0 ignored; 0 measured; 2 filtered out; finished in 0.00s

     Running tests/test_peer_initialization.rs (target/debug/deps/test_peer_initialization-3ec480cd42b30d41)

running 0 tests

test result: ok. 0 passed; 0 failed; 0 ignored; 0 measured; 1 filtered out; finished in 0.00s

     Running tests/timing_debug.rs (target/debug/deps/timing_debug-37c89f9ef9c8bef3)

running 0 tests

test result: ok. 0 passed; 0 failed; 0 ignored; 0 measured; 1 filtered out; finished in 0.00s

     Running tests/tls_integration.rs (target/debug/deps/tls_integration-03cdfe1121323a87)

running 0 tests

test result: ok. 0 passed; 0 failed; 0 ignored; 0 measured; 7 filtered out; finished in 0.00s

     Running tests/typed_tls_end_to_end.rs (target/debug/deps/typed_tls_end_to_end-08fea1c6202d0983)

running 0 tests

test result: ok. 0 passed; 0 failed; 0 ignored; 0 measured; 2 filtered out; finished in 0.00s

     Running tests/typed_wire_debug.rs (target/debug/deps/typed_wire_debug-510534a8dc0eccd8)

running 0 tests

test result: ok. 0 passed; 0 failed; 0 ignored; 0 measured; 2 filtered out; finished in 0.00s

     Running tests/vector_clock_test.rs (target/debug/deps/vector_clock_test-e36a091eb3c3da63)

running 0 tests

test result: ok. 0 passed; 0 failed; 0 ignored; 0 measured; 14 filtered out; finished in 0.00s

     Running tests/zero_copy_benchmarks.rs (target/debug/deps/zero_copy_benchmarks-0311ebd85e3277a2)

running 0 tests

test result: ok. 0 passed; 0 failed; 0 ignored; 0 measured; 2 filtered out; finished in 0.00s

âœ… Alignment tests passed

â•â•â•â•â•â•â•â•â•â•â•â•â•â•â•â•â•â•â•â•â•â•â•â•â•â•â•â•â•â•â•â•â•â•â•â•â•â•â•â•â•â•â•â•â•â•â•â•â•â•â•â•â•â•â•â•â•â•â•â•â•â•â•
Step 5: Release Benchmarks
â•â•â•â•â•â•â•â•â•â•â•â•â•â•â•â•â•â•â•â•â•â•â•â•â•â•â•â•â•â•â•â•â•â•â•â•â•â•â•â•â•â•â•â•â•â•â•â•â•â•â•â•â•â•â•â•â•â•â•â•â•â•â•
   Compiling kameo_remote v0.1.0 (/Users/greg/Dev/git/kameo_remote)
warning: field `deallocations` is never read
  --> tests/bytemuck_allocation_tests.rs:63:5
   |
61 | struct AllocationMetrics {
   |        ----------------- field in this struct
62 |     allocations: usize,
63 |     deallocations: usize,
   |     ^^^^^^^^^^^^^
   |
   = note: `#[warn(dead_code)]` (part of `#[warn(unused)]`) on by default

warning: `kameo_remote` (test "bytemuck_allocation_tests") generated 1 warning
    Finished `release` profile [optimized] target(s) in 5.57s
     Running tests/bytemuck_allocation_tests.rs (target/release/deps/bytemuck_allocation_tests-4501a1bd23408441)

running 10 tests

=== BASELINE: StreamHeader Full Roundtrip ===
Allocations: 1026 (2499 bytes) | Time: 67.916Âµs
  Result: 1026 allocations per 1000 roundtrips
  Total bytes allocated: 2499

=== BASELINE: Hash Extraction Performance ===
Allocations: 0 (0 bytes) | Time: 41ns
  Result: 0 heap allocations per 100,000 calls

=== BASELINE: PublicKey::from_bytes ===
test baseline_full_streamheader_roundtrip_allocations ... ok
test baseline_hash_extraction_performance ... ok
Allocations: 39 (1031 bytes) | Time: 5.046333ms
  Result: 39 allocations per 1000 calls
  Total bytes allocated: 1031

=== BASELINE: Hash Extraction (copy_from_slice) ===
Allocations: 0 (18446744073709551581 bytes) | Time: 41ns
  Result: 0 heap allocations (expected 0 - stack only)

=== BASELINE: NodeId::from_bytes ===
test baseline_key_conversion_allocations ... ok
test baseline_hash_extraction_allocations ... ok
Allocations: 8 (18446744073709551203 bytes) | Time: 2.922708ms
  Result: 8 allocations per 1000 calls
  Total bytes allocated: 18446744073709551203

=== BASELINE: StreamHeader::from_bytes ===
Allocations: 0 (0 bytes) | Time: 2.292Âµs
  Result: 0 allocations per 1000 calls
  Total bytes allocated: 0
test baseline_node_id_conversion_allocations ... ok

=== BASELINE: StreamHeader::to_bytes ===
test baseline_streamheader_from_bytes_allocations ... ok
Allocations: 1004 (18446744073709551467 bytes) | Time: 43.958Âµs

thread 'baseline_streamheader_to_bytes_allocations' (153817488) panicked at tests/bytemuck_allocation_tests.rs:119:5:
assertion `left == right` failed: Expected 1000 allocations baseline
  left: 1004
 right: 1000
note: run with `RUST_BACKTRACE=1` environment variable to display a backtrace

thread 'baseline_header_assembly_allocations' (153817484) panicked at tests/bytemuck_allocation_tests.rs:52:22:
allocation test lock poisoned: PoisonError { .. }
test baseline_streamheader_to_bytes_allocations ... FAILED

thread 'baseline_streamheader_various_sizes_allocations' (153817489) panicked at tests/bytemuck_allocation_tests.rs:52:22:
allocation test lock poisoned: PoisonError { .. }
test baseline_header_assembly_allocations ... FAILED

thread 'baseline_summary_all_tests' (153817490) panicked at tests/bytemuck_allocation_tests.rs:52:22:
allocation test lock poisoned: PoisonError { .. }
test baseline_streamheader_various_sizes_allocations ... FAILED
test baseline_summary_all_tests ... FAILED

failures:

failures:
    baseline_header_assembly_allocations
    baseline_streamheader_to_bytes_allocations
    baseline_streamheader_various_sizes_allocations
    baseline_summary_all_tests

test result: FAILED. 6 passed; 4 failed; 0 ignored; 0 measured; 0 filtered out; finished in 0.01s

error: test failed, to rerun pass `--test bytemuck_allocation_tests`
âœ… Release benchmarks passed

â•â•â•â•â•â•â•â•â•â•â•â•â•â•â•â•â•â•â•â•â•â•â•â•â•â•â•â•â•â•â•â•â•â•â•â•â•â•â•â•â•â•â•â•â•â•â•â•â•â•â•â•â•â•â•â•â•â•â•â•â•â•â•
Step 6: Performance Regression Check
â•â•â•â•â•â•â•â•â•â•â•â•â•â•â•â•â•â•â•â•â•â•â•â•â•â•â•â•â•â•â•â•â•â•â•â•â•â•â•â•â•â•â•â•â•â•â•â•â•â•â•â•â•â•â•â•â•â•â•â•â•â•â•
This step compares current metrics against baseline...
â„¹ï¸  No baseline file found for comparison

â•â•â•â•â•â•â•â•â•â•â•â•â•â•â•â•â•â•â•â•â•â•â•â•â•â•â•â•â•â•â•â•â•â•â•â•â•â•â•â•â•â•â•â•â•â•â•â•â•â•â•â•â•â•â•â•â•â•â•â•â•â•â•
VALIDATION COMPLETE: logs/validation_2026-01-23_06-35-18.txt
â•â•â•â•â•â•â•â•â•â•â•â•â•â•â•â•â•â•â•â•â•â•â•â•â•â•â•â•â•â•â•â•â•â•â•â•â•â•â•â•â•â•â•â•â•â•â•â•â•â•â•â•â•â•â•â•â•â•â•â•â•â•â•
